<?xml version="1.0" encoding="UTF-8"?>
<!-- Generated by org.testng.reporters.JUnitReportReporter -->
<testsuite hostname="RajeshKibb" failures="0" tests="6" name="restapi.Restapi" time="5.034" errors="0" timestamp="2024-08-20T15:10:48 IST" skipped="0">
  <testcase classname="restapi.Restapi" name="cooki" time="1.358"/>
  <system-out/>
  <testcase classname="restapi.Restapi" name="orgJson" time="0.440"/>
  <system-out/>
  <testcase classname="restapi.Restapi" name="http" time="0.123"/>
  <system-out/>
  <testcase classname="restapi.Restapi" name="create" time="1.225"/>
  <system-out/>
  <testcase classname="restapi.Restapi" name="vialumia" time="1.429"/>
  <system-out/>
  <testcase classname="restapi.Restapi" name="Pojo" time="0.459"/>
  <system-out/>
</testsuite> <!-- restapi.Restapi -->
